<?xml version="1.0" encoding="UTF-8"?>
<!-- Generated by org.testng.reporters.JUnitReportReporter -->
<testsuite skipped="0" hostname="radmin-pc" name="com.pCloudy.android.tests.pCloudyAppiumDemoTest" tests="2" failures="0" timestamp="07 May 2020 06:15:00 GMT" time="22.229" errors="1">
  <testcase name="AL1_001" time="18.102" classname="com.pCloudy.android.tests.pCloudyAppiumDemoTest"/>
  <testcase name="AL1_001" time="4.127" classname="com.pCloudy.android.tests.pCloudyAppiumDemoTest">
    <error type="org.openqa.selenium.WebDriverException" message="org.openqa.selenium.WebDriverException: An unknown server-side error occurred while processing the command. Original error: Could not proxy command to remote server. Original error: Error: read ECONNRESET
Build info: version: &#039;3.141.59&#039;, revision: &#039;e82be7d358&#039;, time: &#039;2018-11-14T08:17:03&#039;
System info: host: &#039;radmin-pc&#039;, ip: &#039;127.0.1.1&#039;, os.name: &#039;Linux&#039;, os.arch: &#039;amd64&#039;, os.version: &#039;4.4.0-177-generic&#039;, java.version: &#039;1.8.0_181&#039;
Driver info: io.appium.java_client.android.AndroidDriver
Capabilities {app: /home/radmin/build/raid-dat..., appActivity: com.ba.mobile.LaunchActivity, appPackage: com.pcloudy.appiumdemo, automationName: UiAutomator2, databaseEnabled: false, desired: {app: /home/radmin/build/raid-dat..., appActivity: com.ba.mobile.LaunchActivity, appPackage: com.pcloudy.appiumdemo, automationName: UiAutomator2, deviceName: 286, launchTimeout: 90000, newCommandTimeout: 600, noReset: true, noSign: true, pCloudy_ApiKey: m3pbymd6k69622p99dkjtj5k, pCloudy_ApplicationName: pCloudyAppiumDemo.apk, pCloudy_DeviceFullName: ASUS_ZenfonePegasus3_Androi..., pCloudy_DurationInMinutes: 30, pCloudy_Username: sridatta.pani@sstsinc.com, platformName: android, platformVersion: 6.0.0, systemPort: 30184, udid: G7AXGY00H2452NK, uiautomator2ServerLaunchTimeout: 90000}, deviceApiLevel: 23, deviceManufacturer: asus, deviceModel: ASUS_X008, deviceName: G7AXGY00H2452NK, deviceScreenDensity: 320, deviceScreenSize: 720x1280, deviceUDID: G7AXGY00H2452NK, javascriptEnabled: true, launchTimeout: 90000, locationContextEnabled: false, networkConnectionEnabled: true, newCommandTimeout: 600, noReset: true, noSign: true, pCloudy_ApiKey: m3pbymd6k69622p99dkjtj5k, pCloudy_ApplicationName: pCloudyAppiumDemo.apk, pCloudy_DeviceFullName: ASUS_ZenfonePegasus3_Androi..., pCloudy_DurationInMinutes: 30, pCloudy_Username: sridatta.pani@sstsinc.com, pixelRatio: 2, platform: LINUX, platformName: Android, platformVersion: 6.0, statBarHeight: 48, systemPort: 30184, takesScreenshot: true, udid: G7AXGY00H2452NK, uiautomator2ServerLaunchTimeout: 90000, viewportRect: {height: 1136, left: 0, top: 48, width: 720}, warnings: {}, webStorageEnabled: false}
Session ID: 43344237-1838-406e-84b4-11312de59703
*** Element info: {Using=xpath, value=//android.widget.Button[@resource-id=&#039;com.pcloudy.appiumdemo:id/flightButton&#039;]}">
      <![CDATA[org.openqa.selenium.WebDriverException: org.openqa.selenium.WebDriverException: An unknown server-side error occurred while processing the command. Original error: Could not proxy command to remote server. Original error: Error: read ECONNRESET
Build info: version: '3.141.59', revision: 'e82be7d358', time: '2018-11-14T08:17:03'
System info: host: 'radmin-pc', ip: '127.0.1.1', os.name: 'Linux', os.arch: 'amd64', os.version: '4.4.0-177-generic', java.version: '1.8.0_181'
Driver info: io.appium.java_client.android.AndroidDriver
Capabilities {app: /home/radmin/build/raid-dat..., appActivity: com.ba.mobile.LaunchActivity, appPackage: com.pcloudy.appiumdemo, automationName: UiAutomator2, databaseEnabled: false, desired: {app: /home/radmin/build/raid-dat..., appActivity: com.ba.mobile.LaunchActivity, appPackage: com.pcloudy.appiumdemo, automationName: UiAutomator2, deviceName: 286, launchTimeout: 90000, newCommandTimeout: 600, noReset: true, noSign: true, pCloudy_ApiKey: m3pbymd6k69622p99dkjtj5k, pCloudy_ApplicationName: pCloudyAppiumDemo.apk, pCloudy_DeviceFullName: ASUS_ZenfonePegasus3_Androi..., pCloudy_DurationInMinutes: 30, pCloudy_Username: sridatta.pani@sstsinc.com, platformName: android, platformVersion: 6.0.0, systemPort: 30184, udid: G7AXGY00H2452NK, uiautomator2ServerLaunchTimeout: 90000}, deviceApiLevel: 23, deviceManufacturer: asus, deviceModel: ASUS_X008, deviceName: G7AXGY00H2452NK, deviceScreenDensity: 320, deviceScreenSize: 720x1280, deviceUDID: G7AXGY00H2452NK, javascriptEnabled: true, launchTimeout: 90000, locationContextEnabled: false, networkConnectionEnabled: true, newCommandTimeout: 600, noReset: true, noSign: true, pCloudy_ApiKey: m3pbymd6k69622p99dkjtj5k, pCloudy_ApplicationName: pCloudyAppiumDemo.apk, pCloudy_DeviceFullName: ASUS_ZenfonePegasus3_Androi..., pCloudy_DurationInMinutes: 30, pCloudy_Username: sridatta.pani@sstsinc.com, pixelRatio: 2, platform: LINUX, platformName: Android, platformVersion: 6.0, statBarHeight: 48, systemPort: 30184, takesScreenshot: true, udid: G7AXGY00H2452NK, uiautomator2ServerLaunchTimeout: 90000, viewportRect: {height: 1136, left: 0, top: 48, width: 720}, warnings: {}, webStorageEnabled: false}
Session ID: 43344237-1838-406e-84b4-11312de59703
*** Element info: {Using=xpath, value=//android.widget.Button[@resource-id='com.pcloudy.appiumdemo:id/flightButton']}
	at io.appium.java_client.pagefactory.AppiumElementLocator$WaitingFunction.apply(AppiumElementLocator.java:192)
	at io.appium.java_client.pagefactory.AppiumElementLocator$WaitingFunction.apply(AppiumElementLocator.java:1)
	at org.openqa.selenium.support.ui.FluentWait.until(FluentWait.java:249)
	at io.appium.java_client.pagefactory.AppiumElementLocator.waitFor(AppiumElementLocator.java:99)
	at io.appium.java_client.pagefactory.AppiumElementLocator.findElement(AppiumElementLocator.java:119)
	at io.appium.java_client.pagefactory.interceptors.InterceptorOfASingleElement.intercept(InterceptorOfASingleElement.java:59)
	at io.appium.java_client.android.AndroidElement$$EnhancerByCGLIB$$b598166c.isDisplayed(<generated>)
	at org.openqa.selenium.support.ui.ExpectedConditions.elementIfVisible(ExpectedConditions.java:314)
	at org.openqa.selenium.support.ui.ExpectedConditions.access$000(ExpectedConditions.java:43)
	at org.openqa.selenium.support.ui.ExpectedConditions$10.apply(ExpectedConditions.java:300)
	at org.openqa.selenium.support.ui.ExpectedConditions$10.apply(ExpectedConditions.java:297)
	at org.openqa.selenium.support.ui.FluentWait.until(FluentWait.java:249)
	at com.pCloudy.appium.utils.CommonAppiumTest.waitForElementInSeconds(CommonAppiumTest.java:124)
	at com.pCloudy.pages.PcloudyHomePage.clickOnflightButton(PcloudyHomePage.java:44)
	at com.pCloudy.android.tests.pCloudyAppiumDemoTest.AL1_001(pCloudyAppiumDemoTest.java:31)
	at sun.reflect.NativeMethodAccessorImpl.invoke0(Native Method)
	at sun.reflect.NativeMethodAccessorImpl.invoke(NativeMethodAccessorImpl.java:62)
	at sun.reflect.DelegatingMethodAccessorImpl.invoke(DelegatingMethodAccessorImpl.java:43)
	at java.lang.reflect.Method.invoke(Method.java:498)
	at org.testng.internal.MethodInvocationHelper.invokeMethod(MethodInvocationHelper.java:108)
	at org.testng.internal.Invoker.invokeMethod(Invoker.java:661)
	at org.testng.internal.Invoker.invokeTestMethod(Invoker.java:869)
	at org.testng.internal.Invoker.invokeTestMethods(Invoker.java:1193)
	at org.testng.internal.TestMethodWorker.invokeTestMethods(TestMethodWorker.java:126)
	at org.testng.internal.TestMethodWorker.run(TestMethodWorker.java:109)
	at org.testng.TestRunner.privateRun(TestRunner.java:744)
	at org.testng.TestRunner.run(TestRunner.java:602)
	at org.testng.SuiteRunner.runTest(SuiteRunner.java:380)
	at org.testng.SuiteRunner.access$000(SuiteRunner.java:39)
	at org.testng.SuiteRunner$SuiteWorker.run(SuiteRunner.java:414)
	at org.testng.internal.thread.ThreadUtil$1.call(ThreadUtil.java:52)
	at java.util.concurrent.FutureTask.run(FutureTask.java:266)
	at java.util.concurrent.ThreadPoolExecutor.runWorker(ThreadPoolExecutor.java:1149)
	at java.util.concurrent.ThreadPoolExecutor$Worker.run(ThreadPoolExecutor.java:624)
	at java.lang.Thread.run(Thread.java:748)
Caused by: org.openqa.selenium.WebDriverException: An unknown server-side error occurred while processing the command. Original error: Could not proxy command to remote server. Original error: Error: read ECONNRESET
Build info: version: '3.141.59', revision: 'e82be7d358', time: '2018-11-14T08:17:03'
System info: host: 'radmin-pc', ip: '127.0.1.1', os.name: 'Linux', os.arch: 'amd64', os.version: '4.4.0-177-generic', java.version: '1.8.0_181'
Driver info: io.appium.java_client.android.AndroidDriver
Capabilities {app: /home/radmin/build/raid-dat..., appActivity: com.ba.mobile.LaunchActivity, appPackage: com.pcloudy.appiumdemo, automationName: UiAutomator2, databaseEnabled: false, desired: {app: /home/radmin/build/raid-dat..., appActivity: com.ba.mobile.LaunchActivity, appPackage: com.pcloudy.appiumdemo, automationName: UiAutomator2, deviceName: 286, launchTimeout: 90000, newCommandTimeout: 600, noReset: true, noSign: true, pCloudy_ApiKey: m3pbymd6k69622p99dkjtj5k, pCloudy_ApplicationName: pCloudyAppiumDemo.apk, pCloudy_DeviceFullName: ASUS_ZenfonePegasus3_Androi..., pCloudy_DurationInMinutes: 30, pCloudy_Username: sridatta.pani@sstsinc.com, platformName: android, platformVersion: 6.0.0, systemPort: 30184, udid: G7AXGY00H2452NK, uiautomator2ServerLaunchTimeout: 90000}, deviceApiLevel: 23, deviceManufacturer: asus, deviceModel: ASUS_X008, deviceName: G7AXGY00H2452NK, deviceScreenDensity: 320, deviceScreenSize: 720x1280, deviceUDID: G7AXGY00H2452NK, javascriptEnabled: true, launchTimeout: 90000, locationContextEnabled: false, networkConnectionEnabled: true, newCommandTimeout: 600, noReset: true, noSign: true, pCloudy_ApiKey: m3pbymd6k69622p99dkjtj5k, pCloudy_ApplicationName: pCloudyAppiumDemo.apk, pCloudy_DeviceFullName: ASUS_ZenfonePegasus3_Androi..., pCloudy_DurationInMinutes: 30, pCloudy_Username: sridatta.pani@sstsinc.com, pixelRatio: 2, platform: LINUX, platformName: Android, platformVersion: 6.0, statBarHeight: 48, systemPort: 30184, takesScreenshot: true, udid: G7AXGY00H2452NK, uiautomator2ServerLaunchTimeout: 90000, viewportRect: {height: 1136, left: 0, top: 48, width: 720}, warnings: {}, webStorageEnabled: false}
Session ID: 43344237-1838-406e-84b4-11312de59703
*** Element info: {Using=xpath, value=//android.widget.Button[@resource-id='com.pcloudy.appiumdemo:id/flightButton']}
	at sun.reflect.NativeConstructorAccessorImpl.newInstance0(Native Method)
	at sun.reflect.NativeConstructorAccessorImpl.newInstance(NativeConstructorAccessorImpl.java:62)
	at sun.reflect.DelegatingConstructorAccessorImpl.newInstance(DelegatingConstructorAccessorImpl.java:45)
	at java.lang.reflect.Constructor.newInstance(Constructor.java:423)
	at org.openqa.selenium.remote.http.W3CHttpResponseCodec.createException(W3CHttpResponseCodec.java:187)
	at org.openqa.selenium.remote.http.W3CHttpResponseCodec.decode(W3CHttpResponseCodec.java:122)
	at org.openqa.selenium.remote.http.W3CHttpResponseCodec.decode(W3CHttpResponseCodec.java:49)
	at org.openqa.selenium.remote.HttpCommandExecutor.execute(HttpCommandExecutor.java:158)
	at io.appium.java_client.remote.AppiumCommandExecutor.execute(AppiumCommandExecutor.java:239)
	at org.openqa.selenium.remote.RemoteWebDriver.execute(RemoteWebDriver.java:552)
	at io.appium.java_client.DefaultGenericMobileDriver.execute(DefaultGenericMobileDriver.java:41)
	at io.appium.java_client.AppiumDriver.execute(AppiumDriver.java:1)
	at io.appium.java_client.android.AndroidDriver.execute(AndroidDriver.java:1)
	at org.openqa.selenium.remote.RemoteWebDriver.findElement(RemoteWebDriver.java:323)
	at io.appium.java_client.DefaultGenericMobileDriver.findElement(DefaultGenericMobileDriver.java:61)
	at io.appium.java_client.AppiumDriver.findElement(AppiumDriver.java:1)
	at io.appium.java_client.android.AndroidDriver.findElement(AndroidDriver.java:1)
	at org.openqa.selenium.remote.RemoteWebDriver.findElementByXPath(RemoteWebDriver.java:428)
	at io.appium.java_client.DefaultGenericMobileDriver.findElementByXPath(DefaultGenericMobileDriver.java:151)
	at io.appium.java_client.AppiumDriver.findElementByXPath(AppiumDriver.java:1)
	at io.appium.java_client.android.AndroidDriver.findElementByXPath(AndroidDriver.java:1)
	at org.openqa.selenium.By$ByXPath.findElement(By.java:353)
	at org.openqa.selenium.remote.RemoteWebDriver.findElement(RemoteWebDriver.java:315)
	at io.appium.java_client.DefaultGenericMobileDriver.findElement(DefaultGenericMobileDriver.java:57)
	at io.appium.java_client.AppiumDriver.findElement(AppiumDriver.java:1)
	at io.appium.java_client.android.AndroidDriver.findElement(AndroidDriver.java:1)
	at io.appium.java_client.pagefactory.bys.builder.ByChained.lambda$0(ByChained.java:38)
	at org.openqa.selenium.support.ui.FluentWait.until(FluentWait.java:249)
	at io.appium.java_client.pagefactory.bys.builder.ByChained.findElement(ByChained.java:72)
	at org.openqa.selenium.remote.RemoteWebDriver.findElement(RemoteWebDriver.java:315)
	at io.appium.java_client.DefaultGenericMobileDriver.findElement(DefaultGenericMobileDriver.java:57)
	at io.appium.java_client.AppiumDriver.findElement(AppiumDriver.java:1)
	at io.appium.java_client.android.AndroidDriver.findElement(AndroidDriver.java:1)
	at io.appium.java_client.pagefactory.bys.ContentMappedBy.findElement(ContentMappedBy.java:50)
	at org.openqa.selenium.remote.RemoteWebDriver.findElement(RemoteWebDriver.java:315)
	at io.appium.java_client.DefaultGenericMobileDriver.findElement(DefaultGenericMobileDriver.java:57)
	at io.appium.java_client.AppiumDriver.findElement(AppiumDriver.java:1)
	at io.appium.java_client.android.AndroidDriver.findElement(AndroidDriver.java:1)
	at io.appium.java_client.pagefactory.AppiumElementLocator.lambda$0(AppiumElementLocator.java:120)
	at io.appium.java_client.pagefactory.AppiumElementLocator$WaitingFunction.apply(AppiumElementLocator.java:172)
	... 34 more
]]>
    </error>
  </testcase> <!-- AL1_001 -->
</testsuite> <!-- com.pCloudy.android.tests.pCloudyAppiumDemoTest -->
