<?xml version="1.0" encoding="UTF-8"?>
<!-- Generated by org.testng.reporters.JUnitReportReporter -->
<testsuite skipped="0" hostname="radmin-pc" name="com.pCloudy.android.tests.pCloudyAndroidTest" tests="3" failures="0" timestamp="02 Jun 2020 11:13:37 GMT" time="31.971" errors="0">
  <testcase name="SampleAndroidTest" time="10.841" classname="com.pCloudy.android.tests.pCloudyAndroidTest"/>
  <testcase name="SampleAndroidTest" time="8.686" classname="com.pCloudy.android.tests.pCloudyAndroidTest"/>
  <testcase name="SampleAndroidTest" time="12.444" classname="com.pCloudy.android.tests.pCloudyAndroidTest"/>
</testsuite> <!-- com.pCloudy.android.tests.pCloudyAndroidTest -->
